# JRE version: OpenJDK Runtime Environment Microsoft-8035246 (17.0.8+7) (build 17.0.8+7-LTS)
# Java VM: OpenJDK 64-Bit Server VM Microsoft-8035246 (17.0.8+7-LTS, mixed mode, sharing, tiered, compressed oops, compressed class ptrs, g1 gc, windows-amd64)
GC Precious Log:
 CPUs: 4 total, 4 available
 Memory: 20361M
 Large Page Support: Disabled
 NUMA Support: Disabled
 Compressed Oops: Enabled (32-bit)
 Heap Region Size: 1M
 Heap Min Capacity: 8M
 Heap Initial Capacity: 320M
 Heap Max Capacity: 2G
 Pre-touch: Disabled
 Parallel Workers: 4
 Concurrent Workers: 1
 Concurrent Refinement Workers: 4
 Periodic GC: Disabled
Heap:
 garbage-first heap   total 347136K, used 229965K [0x0000000080000000, 0x0000000100000000)
  region size 1024K, 37 young (37888K), 2 survivors (2048K)
 Metaspace       used 104682K, committed 106176K, reserved 557056K
  class space    used 14613K, committed 15296K, reserved 425984K
GC Heap History (20 events):
Event: 123.777 GC heap before
{Heap before GC invocations=66 (full 0):
 garbage-first heap   total 270336K, used 175757K [0x0000000080000000, 0x0000000100000000)
  region size 1024K, 13 young (13312K), 3 survivors (3072K)
 Metaspace       used 95712K, committed 97024K, reserved 557056K
  class space    used 13443K, committed 14080K, reserved 425984K
}
Event: 123.787 GC heap after
{Heap after GC invocations=67 (full 0):
 garbage-first heap   total 270336K, used 165836K [0x0000000080000000, 0x0000000100000000)
  region size 1024K, 2 young (2048K), 2 survivors (2048K)
 Metaspace       used 95712K, committed 97024K, reserved 557056K
  class space    used 13443K, committed 14080K, reserved 425984K
}
Event: 126.336 GC heap before
{Heap before GC invocations=67 (full 0):
 garbage-first heap   total 270336K, used 211916K [0x0000000080000000, 0x0000000100000000)
  region size 1024K, 47 young (48128K), 2 survivors (2048K)
 Metaspace       used 99368K, committed 100736K, reserved 557056K
  class space    used 13987K, committed 14592K, reserved 425984K
}
Event: 126.343 GC heap after
{Heap after GC invocations=68 (full 0):
 garbage-first heap   total 270336K, used 168020K [0x0000000080000000, 0x0000000100000000)
  region size 1024K, 4 young (4096K), 4 survivors (4096K)
 Metaspace       used 99368K, committed 100736K, reserved 557056K
  class space    used 13987K, committed 14592K, reserved 425984K
}
Event: 131.671 GC heap before
{Heap before GC invocations=68 (full 0):
 garbage-first heap   total 270336K, used 216148K [0x0000000080000000, 0x0000000100000000)
  region size 1024K, 51 young (52224K), 4 survivors (4096K)
 Metaspace       used 101443K, committed 102848K, reserved 557056K
  class space    used 14259K, committed 14912K, reserved 425984K
}
Event: 131.694 GC heap after
{Heap after GC invocations=69 (full 0):
 garbage-first heap   total 270336K, used 173928K [0x0000000080000000, 0x0000000100000000)
  region size 1024K, 7 young (7168K), 7 survivors (7168K)
 Metaspace       used 101443K, committed 102848K, reserved 557056K
  class space    used 14259K, committed 14912K, reserved 425984K
}
Event: 132.824 GC heap before
{Heap before GC invocations=69 (full 0):
 garbage-first heap   total 270336K, used 220008K [0x0000000080000000, 0x0000000100000000)
  region size 1024K, 52 young (53248K), 7 survivors (7168K)
 Metaspace       used 102559K, committed 103936K, reserved 557056K
  class space    used 14380K, committed 15040K, reserved 425984K
}
Event: 132.844 GC heap after
{Heap after GC invocations=70 (full 0):
 garbage-first heap   total 270336K, used 180213K [0x0000000080000000, 0x0000000100000000)
  region size 1024K, 7 young (7168K), 7 survivors (7168K)
 Metaspace       used 102559K, committed 103936K, reserved 557056K
  class space    used 14380K, committed 15040K, reserved 425984K
}
Event: 133.574 GC heap before
{Heap before GC invocations=70 (full 0):
 garbage-first heap   total 270336K, used 222197K [0x0000000080000000, 0x0000000100000000)
  region size 1024K, 48 young (49152K), 7 survivors (7168K)
 Metaspace       used 102771K, committed 104192K, reserved 557056K
  class space    used 14381K, committed 15040K, reserved 425984K
}
Event: 133.595 GC heap after
{Heap after GC invocations=71 (full 0):
 garbage-first heap   total 270336K, used 184588K [0x0000000080000000, 0x0000000100000000)
  region size 1024K, 5 young (5120K), 5 survivors (5120K)
 Metaspace       used 102771K, committed 104192K, reserved 557056K
  class space    used 14381K, committed 15040K, reserved 425984K
}
Event: 134.323 GC heap before
{Heap before GC invocations=71 (full 0):
 garbage-first heap   total 270336K, used 224524K [0x0000000080000000, 0x0000000100000000)
  region size 1024K, 44 young (45056K), 5 survivors (5120K)
 Metaspace       used 103017K, committed 104448K, reserved 557056K
  class space    used 14406K, committed 15040K, reserved 425984K
}
Event: 134.339 GC heap after
{Heap after GC invocations=72 (full 0):
 garbage-first heap   total 270336K, used 188587K [0x0000000080000000, 0x0000000100000000)
  region size 1024K, 5 young (5120K), 5 survivors (5120K)
 Metaspace       used 103017K, committed 104448K, reserved 557056K
  class space    used 14406K, committed 15040K, reserved 425984K
}
Event: 134.872 GC heap before
{Heap before GC invocations=72 (full 0):
 garbage-first heap   total 270336K, used 227499K [0x0000000080000000, 0x0000000100000000)
  region size 1024K, 43 young (44032K), 5 survivors (5120K)
 Metaspace       used 103554K, committed 104960K, reserved 557056K
  class space    used 14471K, committed 15104K, reserved 425984K
}
Event: 134.888 GC heap after
{Heap after GC invocations=73 (full 0):
 garbage-first heap   total 270336K, used 193464K [0x0000000080000000, 0x0000000100000000)
  region size 1024K, 5 young (5120K), 5 survivors (5120K)
 Metaspace       used 103554K, committed 104960K, reserved 557056K
  class space    used 14471K, committed 15104K, reserved 425984K
}
Event: 136.133 GC heap before
{Heap before GC invocations=73 (full 0):
 garbage-first heap   total 270336K, used 227256K [0x0000000080000000, 0x0000000100000000)
  region size 1024K, 39 young (39936K), 5 survivors (5120K)
 Metaspace       used 104084K, committed 105600K, reserved 557056K
  class space    used 14520K, committed 15232K, reserved 425984K
}
Event: 136.146 GC heap after
{Heap after GC invocations=74 (full 0):
 garbage-first heap   total 270336K, used 195494K [0x0000000080000000, 0x0000000100000000)
  region size 1024K, 2 young (2048K), 2 survivors (2048K)
 Metaspace       used 104084K, committed 105600K, reserved 557056K
  class space    used 14520K, committed 15232K, reserved 425984K
}
Event: 137.066 GC heap before
{Heap before GC invocations=75 (full 0):
 garbage-first heap   total 347136K, used 231334K [0x0000000080000000, 0x0000000100000000)
  region size 1024K, 37 young (37888K), 2 survivors (2048K)
 Metaspace       used 104264K, committed 105728K, reserved 557056K
  class space    used 14521K, committed 15232K, reserved 425984K
}
Event: 137.073 GC heap after
{Heap after GC invocations=76 (full 0):
 garbage-first heap   total 347136K, used 196428K [0x0000000080000000, 0x0000000100000000)
  region size 1024K, 3 young (3072K), 3 survivors (3072K)
 Metaspace       used 104264K, committed 105728K, reserved 557056K
  class space    used 14521K, committed 15232K, reserved 425984K
}
Event: 138.260 GC heap before
{Heap before GC invocations=76 (full 0):
 garbage-first heap   total 347136K, used 208716K [0x0000000080000000, 0x0000000100000000)
  region size 1024K, 16 young (16384K), 3 survivors (3072K)
 Metaspace       used 104366K, committed 105856K, reserved 557056K
  class space    used 14540K, committed 15232K, reserved 425984K
}
Event: 138.267 GC heap after
{Heap after GC invocations=77 (full 0):
 garbage-first heap   total 347136K, used 196173K [0x0000000080000000, 0x0000000100000000)
  region size 1024K, 2 young (2048K), 2 survivors (2048K)
 Metaspace       used 104366K, committed 105856K, reserved 557056K
  class space    used 14540K, committed 15232K, reserved 425984K
}

