# JRE version: OpenJDK Runtime Environment Microsoft-8035246 (17.0.8+7) (build 17.0.8+7-LTS)
# Java VM: OpenJDK 64-Bit Server VM Microsoft-8035246 (17.0.8+7-LTS, mixed mode, sharing, tiered, compressed oops, compressed class ptrs, g1 gc, windows-amd64)
GC Precious Log:
 CPUs: 4 total, 4 available
 Memory: 20361M
 Large Page Support: Disabled
 NUMA Support: Disabled
 Compressed Oops: Enabled (32-bit)
 Heap Region Size: 1M
 Heap Min Capacity: 8M
 Heap Initial Capacity: 320M
 Heap Max Capacity: 2G
 Pre-touch: Disabled
 Parallel Workers: 4
 Concurrent Workers: 1
 Concurrent Refinement Workers: 4
 Periodic GC: Disabled
Heap:
 garbage-first heap   total 301056K, used 180577K [0x0000000080000000, 0x0000000100000000)
  region size 1024K, 7 young (7168K), 1 survivors (1024K)
 Metaspace       used 104032K, committed 105344K, reserved 557056K
  class space    used 14517K, committed 15104K, reserved 425984K
GC Heap History (20 events):
Event: 95.618 GC heap before
{Heap before GC invocations=69 (full 0):
 garbage-first heap   total 224256K, used 144384K [0x0000000080000000, 0x0000000100000000)
  region size 1024K, 10 young (10240K), 6 survivors (6144K)
 Metaspace       used 93178K, committed 94400K, reserved 557056K
  class space    used 13166K, committed 13696K, reserved 425984K
}
Event: 95.626 GC heap after
{Heap after GC invocations=70 (full 0):
 garbage-first heap   total 224256K, used 142300K [0x0000000080000000, 0x0000000100000000)
  region size 1024K, 2 young (2048K), 2 survivors (2048K)
 Metaspace       used 93178K, committed 94400K, reserved 557056K
  class space    used 13166K, committed 13696K, reserved 425984K
}
Event: 97.790 GC heap before
{Heap before GC invocations=70 (full 0):
 garbage-first heap   total 224256K, used 180188K [0x0000000080000000, 0x0000000100000000)
  region size 1024K, 39 young (39936K), 2 survivors (2048K)
 Metaspace       used 96204K, committed 97408K, reserved 557056K
  class space    used 13534K, committed 14080K, reserved 425984K
}
Event: 97.798 GC heap after
{Heap after GC invocations=71 (full 0):
 garbage-first heap   total 271360K, used 145917K [0x0000000080000000, 0x0000000100000000)
  region size 1024K, 5 young (5120K), 5 survivors (5120K)
 Metaspace       used 96204K, committed 97408K, reserved 557056K
  class space    used 13534K, committed 14080K, reserved 425984K
}
Event: 104.265 GC heap before
{Heap before GC invocations=72 (full 0):
 garbage-first heap   total 271360K, used 209405K [0x0000000080000000, 0x0000000100000000)
  region size 1024K, 67 young (68608K), 5 survivors (5120K)
 Metaspace       used 100298K, committed 101504K, reserved 557056K
  class space    used 14108K, committed 14656K, reserved 425984K
}
Event: 104.279 GC heap after
{Heap after GC invocations=73 (full 0):
 garbage-first heap   total 271360K, used 151618K [0x0000000080000000, 0x0000000100000000)
  region size 1024K, 9 young (9216K), 9 survivors (9216K)
 Metaspace       used 100298K, committed 101504K, reserved 557056K
  class space    used 14108K, committed 14656K, reserved 425984K
}
Event: 104.367 GC heap before
{Heap before GC invocations=73 (full 0):
 garbage-first heap   total 271360K, used 155714K [0x0000000080000000, 0x0000000100000000)
  region size 1024K, 13 young (13312K), 9 survivors (9216K)
 Metaspace       used 100493K, committed 101760K, reserved 557056K
  class space    used 14137K, committed 14720K, reserved 425984K
}
Event: 104.381 GC heap after
{Heap after GC invocations=74 (full 0):
 garbage-first heap   total 271360K, used 152593K [0x0000000080000000, 0x0000000100000000)
  region size 1024K, 2 young (2048K), 2 survivors (2048K)
 Metaspace       used 100493K, committed 101760K, reserved 557056K
  class space    used 14137K, committed 14720K, reserved 425984K
}
Event: 105.749 GC heap before
{Heap before GC invocations=74 (full 0):
 garbage-first heap   total 271360K, used 214033K [0x0000000080000000, 0x0000000100000000)
  region size 1024K, 62 young (63488K), 2 survivors (2048K)
 Metaspace       used 101968K, committed 103232K, reserved 557056K
  class space    used 14296K, committed 14848K, reserved 425984K
}
Event: 105.764 GC heap after
{Heap after GC invocations=75 (full 0):
 garbage-first heap   total 271360K, used 160460K [0x0000000080000000, 0x0000000100000000)
  region size 1024K, 8 young (8192K), 8 survivors (8192K)
 Metaspace       used 101968K, committed 103232K, reserved 557056K
  class space    used 14296K, committed 14848K, reserved 425984K
}
Event: 106.812 GC heap before
{Heap before GC invocations=76 (full 0):
 garbage-first heap   total 290816K, used 215756K [0x0000000080000000, 0x0000000100000000)
  region size 1024K, 62 young (63488K), 8 survivors (8192K)
 Metaspace       used 102251K, committed 103552K, reserved 557056K
  class space    used 14312K, committed 14912K, reserved 425984K
}
Event: 106.828 GC heap after
{Heap after GC invocations=77 (full 0):
 garbage-first heap   total 290816K, used 165922K [0x0000000080000000, 0x0000000100000000)
  region size 1024K, 6 young (6144K), 6 survivors (6144K)
 Metaspace       used 102251K, committed 103552K, reserved 557056K
  class space    used 14312K, committed 14912K, reserved 425984K
}
Event: 106.933 GC heap before
{Heap before GC invocations=77 (full 0):
 garbage-first heap   total 290816K, used 174114K [0x0000000080000000, 0x0000000100000000)
  region size 1024K, 14 young (14336K), 6 survivors (6144K)
 Metaspace       used 102458K, committed 103744K, reserved 557056K
  class space    used 14336K, committed 14912K, reserved 425984K
}
Event: 106.946 GC heap after
{Heap after GC invocations=78 (full 0):
 garbage-first heap   total 290816K, used 167022K [0x0000000080000000, 0x0000000100000000)
  region size 1024K, 2 young (2048K), 2 survivors (2048K)
 Metaspace       used 102458K, committed 103744K, reserved 557056K
  class space    used 14336K, committed 14912K, reserved 425984K
}
Event: 109.007 GC heap before
{Heap before GC invocations=78 (full 0):
 garbage-first heap   total 290816K, used 232558K [0x0000000080000000, 0x0000000100000000)
  region size 1024K, 67 young (68608K), 2 survivors (2048K)
 Metaspace       used 103369K, committed 104640K, reserved 557056K
  class space    used 14430K, committed 15040K, reserved 425984K
}
Event: 109.018 GC heap after
{Heap after GC invocations=79 (full 0):
 garbage-first heap   total 290816K, used 171589K [0x0000000080000000, 0x0000000100000000)
  region size 1024K, 7 young (7168K), 7 survivors (7168K)
 Metaspace       used 103369K, committed 104640K, reserved 557056K
  class space    used 14430K, committed 15040K, reserved 425984K
}
Event: 112.182 GC heap before
{Heap before GC invocations=80 (full 0):
 garbage-first heap   total 301056K, used 235077K [0x0000000080000000, 0x0000000100000000)
  region size 1024K, 70 young (71680K), 7 survivors (7168K)
 Metaspace       used 104031K, committed 105344K, reserved 557056K
  class space    used 14516K, committed 15104K, reserved 425984K
}
Event: 112.194 GC heap after
{Heap after GC invocations=81 (full 0):
 garbage-first heap   total 301056K, used 176035K [0x0000000080000000, 0x0000000100000000)
  region size 1024K, 9 young (9216K), 9 survivors (9216K)
 Metaspace       used 104031K, committed 105344K, reserved 557056K
  class space    used 14516K, committed 15104K, reserved 425984K
}
Event: 112.725 GC heap before
{Heap before GC invocations=81 (full 0):
 garbage-first heap   total 301056K, used 180131K [0x0000000080000000, 0x0000000100000000)
  region size 1024K, 14 young (14336K), 9 survivors (9216K)
 Metaspace       used 104032K, committed 105344K, reserved 557056K
  class space    used 14517K, committed 15104K, reserved 425984K
}
Event: 112.739 GC heap after
{Heap after GC invocations=82 (full 0):
 garbage-first heap   total 301056K, used 175457K [0x0000000080000000, 0x0000000100000000)
  region size 1024K, 1 young (1024K), 1 survivors (1024K)
 Metaspace       used 104032K, committed 105344K, reserved 557056K
  class space    used 14517K, committed 15104K, reserved 425984K
}

